2024-09-28 18:51:04,835 [INFO] Activator:177 - 


2024-09-28 18:51:04,836 [INFO] Activator:178 - !SESSION log4j initialized
2024-09-28 18:51:23,263 [ERROR] LogOutputStream:74 - [STDERR_REDIRECT] Managed Build system manifest file error: Option fr.ac6.managedbuild.option.gnu.cross.prefix.1758805165 uses a null category that is invalid in its context. The option was ignored.
2024-09-28 18:51:23,267 [ERROR] LogOutputStream:74 - [STDERR_REDIRECT] Managed Build system manifest file error: Option fr.ac6.managedbuild.option.gnu.cross.mcu.426016825 uses a null category that is invalid in its context. The option was ignored.
2024-09-28 18:51:23,271 [ERROR] LogOutputStream:74 - [STDERR_REDIRECT] Managed Build system manifest file error: Option fr.ac6.managedbuild.option.gnu.cross.board.637180877 uses a null category that is invalid in its context. The option was ignored.
2024-09-28 18:51:23,275 [ERROR] LogOutputStream:74 - [STDERR_REDIRECT] Managed Build system manifest file error: Option fr.ac6.managedbuild.option.gnu.cross.core.1083960614 uses a null category that is invalid in its context. The option was ignored.
2024-09-28 18:51:23,278 [ERROR] LogOutputStream:74 - [STDERR_REDIRECT] Managed Build system manifest file error: Option fr.ac6.managedbuild.option.gnu.cross.instructionSet.1554266671 uses a null category that is invalid in its context. The option was ignored.
2024-09-28 18:51:23,282 [ERROR] LogOutputStream:74 - [STDERR_REDIRECT] Managed Build system manifest file error: Option fr.ac6.managedbuild.option.gnu.cross.fpu.155811135 uses a null category that is invalid in its context. The option was ignored.
2024-09-28 18:51:23,285 [ERROR] LogOutputStream:74 - [STDERR_REDIRECT] Managed Build system manifest file error: Option fr.ac6.managedbuild.option.gnu.cross.floatabi.1067394861 uses a null category that is invalid in its context. The option was ignored.
2024-09-28 18:51:23,391 [ERROR] LogOutputStream:74 - [STDERR_REDIRECT] Managed Build system manifest file error: Option fr.ac6.managedbuild.option.gnu.cross.prefix.1758805165 uses a null category that is invalid in its context. The option was ignored.
2024-09-28 18:51:23,395 [ERROR] LogOutputStream:74 - [STDERR_REDIRECT] Managed Build system manifest file error: Option fr.ac6.managedbuild.option.gnu.cross.mcu.426016825 uses a null category that is invalid in its context. The option was ignored.
2024-09-28 18:51:23,398 [ERROR] LogOutputStream:74 - [STDERR_REDIRECT] Managed Build system manifest file error: Option fr.ac6.managedbuild.option.gnu.cross.board.637180877 uses a null category that is invalid in its context. The option was ignored.
2024-09-28 18:51:23,402 [ERROR] LogOutputStream:74 - [STDERR_REDIRECT] Managed Build system manifest file error: Option fr.ac6.managedbuild.option.gnu.cross.core.1083960614 uses a null category that is invalid in its context. The option was ignored.
2024-09-28 18:51:23,406 [ERROR] LogOutputStream:74 - [STDERR_REDIRECT] Managed Build system manifest file error: Option fr.ac6.managedbuild.option.gnu.cross.instructionSet.1554266671 uses a null category that is invalid in its context. The option was ignored.
2024-09-28 18:51:23,409 [ERROR] LogOutputStream:74 - [STDERR_REDIRECT] Managed Build system manifest file error: Option fr.ac6.managedbuild.option.gnu.cross.fpu.155811135 uses a null category that is invalid in its context. The option was ignored.
2024-09-28 18:51:23,413 [ERROR] LogOutputStream:74 - [STDERR_REDIRECT] Managed Build system manifest file error: Option fr.ac6.managedbuild.option.gnu.cross.floatabi.1067394861 uses a null category that is invalid in its context. The option was ignored.
2024-09-28 18:51:28,349 [ERROR] LogOutputStream:74 - [STDERR_REDIRECT] SLF4J: Failed to load class "org.slf4j.impl.StaticLoggerBinder".
2024-09-28 18:51:28,351 [ERROR] LogOutputStream:74 - [STDERR_REDIRECT] SLF4J: Defaulting to no-operation (NOP) logger implementation
2024-09-28 18:51:28,352 [ERROR] LogOutputStream:74 - [STDERR_REDIRECT] SLF4J: See http://www.slf4j.org/codes.html#StaticLoggerBinder for further details.
2024-09-29 18:47:26,673 [INFO] Activator:177 - 


2024-09-29 18:47:26,688 [INFO] Activator:178 - !SESSION log4j initialized
2024-09-29 18:47:45,867 [INFO] McuFinderGlobals:44 - Set McuFinder mode to 2 (CubeIDE integrated)
2024-09-29 18:47:46,336 [INFO] ApplicationProperties:181 - Using Application install path: C:\ST\STM32CubeIDE_1.10.1\STM32CubeIDE\plugins\com.st.stm32cube.common.mx_6.6.1.202207061420
2024-09-29 18:47:46,351 [INFO] DbMcusXml:77 - Set database path to: C:\ST\STM32CubeIDE_1.10.1\STM32CubeIDE\plugins\com.st.stm32cube.common.mx_6.6.1.202207061420\\db\/mcu/
2024-09-29 18:47:46,351 [INFO] ApiDb:269 - Set plugin database path to: C:\ST\STM32CubeIDE_1.10.1\STM32CubeIDE\plugins\com.st.stm32cube.common.mx_6.6.1.202207061420\\db\/plugins/boardmanager/
2024-09-29 18:47:46,351 [WARN] ApiDb:254 - Overriding images path with different value:  => C:\ST\STM32CubeIDE_1.10.1\STM32CubeIDE\plugins\com.st.stm32cube.common.mx_6.6.1.202207061420\\db\/plugins/mcufinder/images/
2024-09-29 18:47:46,382 [INFO] ApiDb:249 - Set database path to: C:\Users\Hung\.stmcufinder\plugins\mcufinder//mcu/
2024-09-29 18:47:46,382 [INFO] DbMcusAds:124 - Set database path to: C:\Users\Hung\.stmcufinder\plugins\mcufinder//mcu/
2024-09-29 18:47:46,382 [INFO] CrossReferenceDbSqlite:201 - Set database path to: C:\Users\Hung\.stmcufinder\plugins\mcufinder//mcu/cs/
2024-09-29 18:47:46,507 [INFO] RulesReader:61 - Compatibility file has been processed (282 Rules)
2024-09-29 18:47:46,617 [INFO] DbMcusXml:77 - Set database path to: C:\ST\STM32CubeIDE_1.10.1\STM32CubeIDE\plugins\com.st.stm32cube.common.mx_6.6.1.202207061420\\db\/mcu/
2024-09-29 18:47:46,617 [INFO] ApiDb:269 - Set plugin database path to: C:\ST\STM32CubeIDE_1.10.1\STM32CubeIDE\plugins\com.st.stm32cube.common.mx_6.6.1.202207061420\\db\/plugins/boardmanager/
2024-09-29 18:47:46,617 [INFO] ApiDb:256 - Set plugin images path to: C:\ST\STM32CubeIDE_1.10.1\STM32CubeIDE\plugins\com.st.stm32cube.common.mx_6.6.1.202207061420\\db\/plugins/mcufinder/images/
2024-09-29 18:47:46,617 [WARN] DbFile:40 - Overriding database path with different value: C:\Users\Hung\.stmcufinder\plugins\mcufinder/ => C:\Users\Hung\.stmcufinder\plugins\mcufinder
2024-09-29 18:47:46,617 [INFO] ApiDb:249 - Set database path to: C:\Users\Hung\.stmcufinder\plugins\mcufinder//mcu/
2024-09-29 18:47:46,617 [WARN] DbFile:40 - Overriding database path with different value: C:\Users\Hung\.stmcufinder\plugins\mcufinder/ => C:\Users\Hung\.stmcufinder\plugins\mcufinder
2024-09-29 18:47:46,617 [INFO] DbMcusAds:124 - Set database path to: C:\Users\Hung\.stmcufinder\plugins\mcufinder//mcu/
2024-09-29 18:47:46,617 [WARN] DbFile:40 - Overriding database path with different value: C:\Users\Hung\.stmcufinder\plugins\mcufinder/ => C:\Users\Hung\.stmcufinder\plugins\mcufinder
2024-09-29 18:47:46,617 [WARN] DbFile:40 - Overriding database path with different value: C:\Users\Hung\.stmcufinder\plugins\mcufinder/ => C:\Users\Hung\.stmcufinder\plugins\mcufinder
2024-09-29 18:47:46,617 [INFO] CrossReferenceDbSqlite:201 - Set database path to: C:\Users\Hung\.stmcufinder\plugins\mcufinder//mcu/cs/
2024-09-29 18:47:46,695 [INFO] MainPanel:242 - HeapMemory: 268435456
2024-09-29 18:47:46,789 [INFO] DbMcusXml:77 - Set database path to: C:\ST\STM32CubeIDE_1.10.1\STM32CubeIDE\plugins\com.st.stm32cube.common.mx_6.6.1.202207061420\\db\/mcu/
2024-09-29 18:47:46,804 [INFO] ApiDb:269 - Set plugin database path to: C:\ST\STM32CubeIDE_1.10.1\STM32CubeIDE\plugins\com.st.stm32cube.common.mx_6.6.1.202207061420\\db\/plugins/boardmanager/
2024-09-29 18:47:46,804 [INFO] ApiDb:256 - Set plugin images path to: C:\ST\STM32CubeIDE_1.10.1\STM32CubeIDE\plugins\com.st.stm32cube.common.mx_6.6.1.202207061420\\db\/plugins/mcufinder/images/
2024-09-29 18:47:46,804 [WARN] DbFile:40 - Overriding database path with different value: C:\Users\Hung\.stmcufinder\plugins\mcufinder/ => C:\Users\Hung\.stmcufinder\plugins\mcufinder
2024-09-29 18:47:46,804 [INFO] ApiDb:249 - Set database path to: C:\Users\Hung\.stmcufinder\plugins\mcufinder//mcu/
2024-09-29 18:47:46,804 [WARN] DbFile:40 - Overriding database path with different value: C:\Users\Hung\.stmcufinder\plugins\mcufinder/ => C:\Users\Hung\.stmcufinder\plugins\mcufinder
2024-09-29 18:47:46,804 [INFO] DbMcusAds:124 - Set database path to: C:\Users\Hung\.stmcufinder\plugins\mcufinder//mcu/
2024-09-29 18:47:46,804 [WARN] DbFile:40 - Overriding database path with different value: C:\Users\Hung\.stmcufinder\plugins\mcufinder/ => C:\Users\Hung\.stmcufinder\plugins\mcufinder
2024-09-29 18:47:46,804 [WARN] DbFile:40 - Overriding database path with different value: C:\Users\Hung\.stmcufinder\plugins\mcufinder/ => C:\Users\Hung\.stmcufinder\plugins\mcufinder
2024-09-29 18:47:46,804 [INFO] CrossReferenceDbSqlite:201 - Set database path to: C:\Users\Hung\.stmcufinder\plugins\mcufinder//mcu/cs/
2024-09-29 18:47:46,820 [INFO] ApplicationProperties:181 - Using Application install path: C:\ST\STM32CubeIDE_1.10.1\STM32CubeIDE\plugins\com.st.stm32cube.common.mx_6.6.1.202207061420
2024-09-29 18:47:46,820 [INFO] PluginManage:193 - Search for loadable plugins [exclusion list=, ]
2024-09-29 18:47:46,820 [INFO] PluginManage:307 - Check plugin analytics
2024-09-29 18:47:46,992 [INFO] AnalyticsPlugin:262 - Accepted Software Licenses: 
2024-09-29 18:47:46,992 [INFO] AnalyticsPlugin:264 - Accepted CMSIS Pack Licenses: 
2024-09-29 18:47:46,992 [INFO] AnalyticsPlugin:266 - Accepted Firmware Licenses: 
2024-09-29 18:47:47,007 [INFO] PluginManage:356 - Loaded plugin analytics (category:tool,tabindex:-1)
2024-09-29 18:47:47,007 [INFO] PluginManage:307 - Check plugin cadmodel
2024-09-29 18:47:47,023 [INFO] CADModel:65 - Init CAD model plugin
2024-09-29 18:47:47,023 [INFO] PluginManage:356 - Loaded plugin cadmodel (category:power,tabindex:5)
2024-09-29 18:47:47,023 [INFO] PluginManage:307 - Check plugin clock
2024-09-29 18:47:47,039 [INFO] PluginManage:356 - Loaded plugin clock (category:base,tabindex:2)
2024-09-29 18:47:47,039 [INFO] PluginManage:307 - Check plugin ddr
2024-09-29 18:47:47,039 [INFO] PluginManage:356 - Loaded plugin ddr (category:tool,tabindex:6)
2024-09-29 18:47:47,039 [INFO] PluginManage:307 - Check plugin filemanager
2024-09-29 18:47:47,211 [INFO] PluginManage:356 - Loaded plugin filemanager (category:base,tabindex:10)
2024-09-29 18:47:47,211 [INFO] PluginManage:307 - Check plugin ipmanager
2024-09-29 18:47:47,226 [INFO] PluginManage:356 - Loaded plugin ipmanager (category:base,tabindex:5)
2024-09-29 18:47:47,226 [INFO] PluginManage:307 - Check plugin lpbam
2024-09-29 18:47:47,242 [INFO] PluginManage:356 - Loaded plugin lpbam (category:base,tabindex:0)
2024-09-29 18:47:47,242 [INFO] PluginManage:307 - Check plugin pinoutandconfiguration
2024-09-29 18:47:47,257 [INFO] PluginManage:356 - Loaded plugin pinoutandconfiguration (category:base,tabindex:1)
2024-09-29 18:47:47,257 [INFO] PluginManage:307 - Check plugin pinoutconfig
2024-09-29 18:47:47,304 [INFO] PluginManage:356 - Loaded plugin pinoutconfig (category:base,tabindex:0)
2024-09-29 18:47:47,304 [INFO] PluginManage:307 - Check plugin power
2024-09-29 18:47:47,320 [INFO] PluginManage:356 - Loaded plugin power (category:power,tabindex:4)
2024-09-29 18:47:47,320 [INFO] PluginManage:307 - Check plugin projectmanager
2024-09-29 18:47:47,351 [INFO] PluginManage:356 - Loaded plugin projectmanager (category:projectmanager,tabindex:3)
2024-09-29 18:47:47,351 [INFO] PluginManage:307 - Check plugin thirdparty
2024-09-29 18:47:47,617 [WARN] IntegrityCheckThread:82 - waiting for thirdparty lock release [integrity check]
2024-09-29 18:47:47,617 [INFO] PluginManage:356 - Loaded plugin thirdparty (category:base,tabindex:-1)
2024-09-29 18:47:47,617 [INFO] IntegrityCheckThread:84 - entering critical section [integrity check]
2024-09-29 18:47:47,617 [INFO] PluginManage:307 - Check plugin tools
2024-09-29 18:47:47,617 [INFO] ThirdPartyUpdaterWithRetryManager:70 - Updater plugin not ready yet. [1/15]
2024-09-29 18:47:47,664 [INFO] PluginManage:356 - Loaded plugin tools (category:base,tabindex:7)
2024-09-29 18:47:47,664 [INFO] PluginManage:307 - Check plugin tutovideos
2024-09-29 18:47:47,867 [INFO] PluginManage:356 - Loaded plugin tutovideos (category:base,tabindex:-1)
2024-09-29 18:47:47,867 [INFO] PluginManage:307 - Check plugin updater
2024-09-29 18:47:47,882 [INFO] PluginManage:356 - Loaded plugin updater (category:base,tabindex:12)
2024-09-29 18:47:47,882 [INFO] PluginManage:280 - PluginManage : Loaded plugins [15]
2024-09-29 18:47:48,148 [INFO] PinOutPanel:1468 - setPackage(No Configuration,No Configuration)
2024-09-29 18:47:48,226 [INFO] CADModel:98 - CPN selected for project level
2024-09-29 18:47:48,257 [INFO] IPUIPlugin:79 - create IPUIPlugin
2024-09-29 18:47:48,257 [INFO] PluginManager:217 - loadIPPluginJar : add adc
2024-09-29 18:47:48,304 [INFO] IPUIPlugin:79 - create IPUIPlugin
2024-09-29 18:47:48,304 [INFO] PluginManager:217 - loadIPPluginJar : add aes
2024-09-29 18:47:48,351 [INFO] IPUIPlugin:79 - create IPUIPlugin
2024-09-29 18:47:48,351 [INFO] PluginManager:217 - loadIPPluginJar : add can
2024-09-29 18:47:48,367 [INFO] IPUIPlugin:79 - create IPUIPlugin
2024-09-29 18:47:48,367 [INFO] PluginManager:217 - loadIPPluginJar : add comp
2024-09-29 18:47:48,398 [INFO] IPUIPlugin:79 - create IPUIPlugin
2024-09-29 18:47:48,398 [INFO] PluginManager:217 - loadIPPluginJar : add cryp
2024-09-29 18:47:48,445 [INFO] IPUIPlugin:79 - create IPUIPlugin
2024-09-29 18:47:48,445 [INFO] PluginManager:217 - loadIPPluginJar : add dfsdm
2024-09-29 18:47:48,460 [INFO] IPUIPlugin:79 - create IPUIPlugin
2024-09-29 18:47:48,460 [INFO] PluginManager:217 - loadIPPluginJar : add dma
2024-09-29 18:47:48,492 [INFO] IPUIPlugin:79 - create IPUIPlugin
2024-09-29 18:47:48,507 [INFO] PluginManager:217 - loadIPPluginJar : add dma3
2024-09-29 18:47:48,523 [INFO] IPUIPlugin:79 - create IPUIPlugin
2024-09-29 18:47:48,523 [INFO] PluginManager:217 - loadIPPluginJar : add fatfs
2024-09-29 18:47:48,570 [INFO] IPUIPlugin:79 - create IPUIPlugin
2024-09-29 18:47:48,570 [INFO] PluginManager:217 - loadIPPluginJar : add fmc
2024-09-29 18:47:48,585 [INFO] IPUIPlugin:79 - create IPUIPlugin
2024-09-29 18:47:48,585 [INFO] PluginManager:217 - loadIPPluginJar : add freertos
2024-09-29 18:47:48,617 [INFO] IPUIPlugin:79 - create IPUIPlugin
2024-09-29 18:47:48,617 [INFO] PluginManager:217 - loadIPPluginJar : add genericplugin
2024-09-29 18:47:48,726 [INFO] IPUIPlugin:79 - create IPUIPlugin
2024-09-29 18:47:48,726 [INFO] PluginManager:217 - loadIPPluginJar : add gfxmmu
2024-09-29 18:47:48,867 [INFO] IPUIPlugin:79 - create IPUIPlugin
2024-09-29 18:47:48,867 [INFO] PluginManager:217 - loadIPPluginJar : add gic
2024-09-29 18:47:48,882 [INFO] IPUIPlugin:79 - create IPUIPlugin
2024-09-29 18:47:48,882 [INFO] PluginManager:217 - loadIPPluginJar : add gpio
2024-09-29 18:47:48,992 [INFO] IPUIPlugin:79 - create IPUIPlugin
2024-09-29 18:47:48,992 [INFO] PluginManager:217 - loadIPPluginJar : add gtzc
2024-09-29 18:47:49,023 [INFO] IPUIPlugin:79 - create IPUIPlugin
2024-09-29 18:47:49,023 [INFO] PluginManager:217 - loadIPPluginJar : add hash
2024-09-29 18:47:49,085 [INFO] IPUIPlugin:79 - create IPUIPlugin
2024-09-29 18:47:49,085 [INFO] PluginManager:217 - loadIPPluginJar : add i2c
2024-09-29 18:47:49,132 [INFO] IPUIPlugin:79 - create IPUIPlugin
2024-09-29 18:47:49,132 [INFO] PluginManager:217 - loadIPPluginJar : add i2s
2024-09-29 18:47:49,257 [INFO] IPUIPlugin:79 - create IPUIPlugin
2024-09-29 18:47:49,257 [INFO] PluginManager:217 - loadIPPluginJar : add ipddr
2024-09-29 18:47:49,351 [INFO] IPUIPlugin:79 - create IPUIPlugin
2024-09-29 18:47:49,351 [INFO] PluginManager:217 - loadIPPluginJar : add linkedlist
2024-09-29 18:47:49,425 [INFO] IPUIPlugin:79 - create IPUIPlugin
2024-09-29 18:47:49,425 [INFO] PluginManager:217 - loadIPPluginJar : add lorawan
2024-09-29 18:47:49,472 [INFO] IPUIPlugin:79 - create IPUIPlugin
2024-09-29 18:47:49,472 [INFO] PluginManager:217 - loadIPPluginJar : add ltdc
2024-09-29 18:47:49,487 [INFO] IPUIPlugin:79 - create IPUIPlugin
2024-09-29 18:47:49,487 [INFO] PluginManager:217 - loadIPPluginJar : add mdma
2024-09-29 18:47:49,503 [INFO] IPUIPlugin:79 - create IPUIPlugin
2024-09-29 18:47:49,503 [INFO] PluginManager:217 - loadIPPluginJar : add nvic
2024-09-29 18:47:49,550 [INFO] IPUIPlugin:79 - create IPUIPlugin
2024-09-29 18:47:49,550 [INFO] PluginManager:217 - loadIPPluginJar : add opamp
2024-09-29 18:47:49,612 [INFO] IPUIPlugin:79 - create IPUIPlugin
2024-09-29 18:47:49,612 [INFO] PluginManager:217 - loadIPPluginJar : add openamp
2024-09-29 18:47:49,659 [INFO] IPUIPlugin:79 - create IPUIPlugin
2024-09-29 18:47:49,659 [INFO] PluginManager:217 - loadIPPluginJar : add pdm2pcm
2024-09-29 18:47:49,675 [INFO] IPUIPlugin:79 - create IPUIPlugin
2024-09-29 18:47:49,675 [INFO] PluginManager:217 - loadIPPluginJar : add plateformsettings
2024-09-29 18:47:49,706 [INFO] IPUIPlugin:79 - create IPUIPlugin
2024-09-29 18:47:49,706 [INFO] PluginManager:217 - loadIPPluginJar : add quadspi
2024-09-29 18:47:49,706 [INFO] IPUIPlugin:79 - create IPUIPlugin
2024-09-29 18:47:49,706 [INFO] PluginManager:217 - loadIPPluginJar : add resmgrutility
2024-09-29 18:47:49,769 [INFO] IPUIPlugin:79 - create IPUIPlugin
2024-09-29 18:47:49,769 [INFO] PluginManager:217 - loadIPPluginJar : add sai
2024-09-29 18:47:49,816 [INFO] IPUIPlugin:79 - create IPUIPlugin
2024-09-29 18:47:49,816 [INFO] PluginManager:217 - loadIPPluginJar : add spi
2024-09-29 18:47:49,878 [INFO] IPUIPlugin:79 - create IPUIPlugin
2024-09-29 18:47:49,878 [INFO] PluginManager:217 - loadIPPluginJar : add stm32_wpan
2024-09-29 18:47:49,894 [INFO] IPUIPlugin:79 - create IPUIPlugin
2024-09-29 18:47:49,894 [INFO] PluginManager:217 - loadIPPluginJar : add tim
2024-09-29 18:47:49,972 [INFO] IPUIPlugin:79 - create IPUIPlugin
2024-09-29 18:47:49,972 [INFO] PluginManager:217 - loadIPPluginJar : add touchsensing
2024-09-29 18:47:49,987 [INFO] IPUIPlugin:79 - create IPUIPlugin
2024-09-29 18:47:49,987 [INFO] PluginManager:217 - loadIPPluginJar : add tracer_emb
2024-09-29 18:47:50,019 [INFO] IPUIPlugin:79 - create IPUIPlugin
2024-09-29 18:47:50,019 [INFO] PluginManager:217 - loadIPPluginJar : add ts
2024-09-29 18:47:50,034 [INFO] IPUIPlugin:79 - create IPUIPlugin
2024-09-29 18:47:50,034 [INFO] PluginManager:217 - loadIPPluginJar : add tsc
2024-09-29 18:47:50,066 [INFO] IPUIPlugin:79 - create IPUIPlugin
2024-09-29 18:47:50,066 [INFO] PluginManager:217 - loadIPPluginJar : add ucpd
2024-09-29 18:47:50,112 [INFO] IPUIPlugin:79 - create IPUIPlugin
2024-09-29 18:47:50,112 [INFO] PluginManager:217 - loadIPPluginJar : add usart
2024-09-29 18:47:50,159 [INFO] IPUIPlugin:79 - create IPUIPlugin
2024-09-29 18:47:50,159 [INFO] PluginManager:217 - loadIPPluginJar : add usbx
2024-09-29 18:47:50,451 [FATAL] Updater:301 - Updater called before beeing initialized
2024-09-29 18:47:50,560 [FATAL] Updater:301 - Updater called before beeing initialized
2024-09-29 18:47:50,607 [INFO] DbMcusAds:52 - JSON generation date=Fri Sep 20 20:04:23 ICT 2024 (1726837463113)
2024-09-29 18:47:50,607 [FATAL] Updater:301 - Updater called before beeing initialized
2024-09-29 18:47:50,638 [INFO] ThirdPartyUpdaterWithRetryManager:70 - Updater plugin not ready yet. [2/15]
2024-09-29 18:47:50,732 [WARN] DetailPanel:344 - Failed to get advertising image, set to default
2024-09-29 18:47:50,857 [FATAL] Updater:301 - Updater called before beeing initialized
2024-09-29 18:47:50,857 [FATAL] Updater:301 - Updater called before beeing initialized
2024-09-29 18:47:50,857 [FATAL] Updater:301 - Updater called before beeing initialized
2024-09-29 18:47:50,857 [WARN] DetailPanel:344 - Failed to get advertising image, set to default
2024-09-29 18:47:50,857 [FATAL] Updater:301 - Updater called before beeing initialized
2024-09-29 18:47:50,919 [ERROR] Updater:1105 - MainUpdater not yet initialized. External WinMGr cannot be set.
2024-09-29 18:47:50,935 [INFO] Updater:1041 - Updater Version found : 6.6.1
2024-09-29 18:47:50,951 [INFO] ApplicationProperties:181 - Using Application install path: C:\ST\STM32CubeIDE_1.10.1\STM32CubeIDE\plugins\com.st.stm32cube.common.mx_6.6.1.202207061420
2024-09-29 18:47:51,310 [INFO] MainUpdater:2768 - connection check result : 10
2024-09-29 18:47:51,310 [INFO] MainUpdater:280 - Updater Check For Update Now.
2024-09-29 18:47:51,310 [INFO] MicroXplorer:481 - Change Database Version : DB.6.0.60
2024-09-29 18:47:51,529 [INFO] CheckServerUpdateThread:119 - End of CheckServer Thread
2024-09-29 18:47:51,560 [INFO] MainUpdater:2768 - connection check result : 10
2024-09-29 18:47:51,993 [INFO] McuFinderGlobals:57 - Set McuFinderConnectedMode to true
2024-09-29 18:47:52,008 [INFO] MultiScanPanel:195 - Auto-refresh data requested => check proxy status ongoing
2024-09-29 18:47:52,012 [INFO] FinderPluginLoader:92 - Searching for filters in installed packs
2024-09-29 18:47:52,120 [INFO] ApiDb:576 - Connected to CubeFinder SQLite database (C:\Users\Hung\.stmcufinder\plugins\mcufinder\mcu\cube-finder-db.db)
2024-09-29 18:47:52,229 [INFO] ApiDb:663 - CubeFinder database Data Model version=2.1
2024-09-29 18:47:52,229 [INFO] ApiDb:664 - CubeFinder database Configuration version=3.0.39
2024-09-29 18:47:52,229 [INFO] ApiDb:665 - CubeFinder database generation date=2024-09-16 (1726485674)
2024-09-29 18:47:52,229 [INFO] ApiDb:666 - CubeFinder database FW Pack versions=[FP-ATR-ASTRA1_V2.0.0, FP-SNS-FLIGHT1_V5.0.2, FP-SNS-MOTENV1_V5.0.0, FP-SNS-MOTENVWB1_V1.4.0, FP-SNS-SMARTAG2_V1.2.0, FP-SNS-STBOX1_V2.0.0, STM32Cube_FW_C0_V1.2.0, STM32Cube_FW_F4_V1.28.1, STM32Cube_FW_F7_V1.17.2, STM32Cube_FW_G0_V1.6.2, STM32Cube_FW_G4_V1.6.0, STM32Cube_FW_H5_V1.3.0, STM32Cube_FW_H7RS_V1.1.0, STM32Cube_FW_H7_V1.11.2, STM32Cube_FW_L0_V1.12.2, STM32Cube_FW_L5_V1.5.1, STM32Cube_FW_U0_V1.1.0, STM32Cube_FW_U5_V1.6.0, STM32Cube_FW_WB0_V1.0.0, STM32Cube_FW_WBA_V1.4.1, STM32Cube_FW_WB_V1.20.0, STM32Cube_FW_WL_V1.3.0, X-CUBE-ALGOBUILD_V1.4.0, X-CUBE-ALS_V1.0.2, X-CUBE-AZRTOS-F4_V1.1.0, X-CUBE-AZRTOS-F7_V1.1.0, X-CUBE-AZRTOS-G0_V1.1.0, X-CUBE-AZRTOS-G4_V2.0.0, X-CUBE-AZRTOS-H7RS_V1.0.0, X-CUBE-AZRTOS-H7_V3.2.0, X-CUBE-AZRTOS-L4_V2.0.0, X-CUBE-AZRTOS-L5_V2.0.0, X-CUBE-AZRTOS-WB_V2.0.0, X-CUBE-AZRTOS-WL_V2.0.0, X-CUBE-BLE1_V7.0.0, X-CUBE-BLE2_V3.3.0, X-CUBE-BLEMGR_V3.1.0, X-CUBE-EEPRMA1_V5.1.0, X-CUBE-FREERTOS_V1.2.0, X-CUBE-GNSS1_V6.0.0, X-CUBE-MEMS1_V11.0.0, X-CUBE-NFC4_V3.0.0, X-CUBE-NFC7_V1.0.1, X-CUBE-SFXS2LP1_V4.0.0, X-CUBE-SUBG2_V5.0.0, X-CUBE-TOF1_V3.4.2]
2024-09-29 18:47:53,782 [WARN] PackLoader:242 - Cannot read IP mode file for STMicroelectronics.X-CUBE-BLE2.3.3.0
2024-09-29 18:47:53,798 [INFO] ThirdParty:929 - Integrity check success = true
2024-09-29 18:47:53,798 [INFO] IntegrityCheckThread:98 - exiting critical section [integrity check]
2024-09-29 18:47:53,798 [INFO] IntegrityCheckThread:101 - End integrity checks thread
2024-09-29 18:47:53,939 [ERROR] LogOutputStream:74 - [STDERR_REDIRECT] SLF4J: Failed to load class "org.slf4j.impl.StaticLoggerBinder".
2024-09-29 18:47:53,939 [ERROR] LogOutputStream:74 - [STDERR_REDIRECT] SLF4J: Defaulting to no-operation (NOP) logger implementation
2024-09-29 18:47:53,939 [ERROR] LogOutputStream:74 - [STDERR_REDIRECT] SLF4J: See http://www.slf4j.org/codes.html#StaticLoggerBinder for further details.
2024-09-29 18:47:55,132 [INFO] ApiDb:239 - Found 138 in-development CPN: [B-WB1M-WPAN1, NUCLEO-C031C6, STEVAL-STWINBX1, STM320518-EVAL, STM32C0116-DK, STM32C011D6Y3TR, STM32C011D6Y6TR, STM32C011F4P3, STM32C011F4P6, STM32C011F4U3, STM32C011F4U6TR, STM32C011F6P3, STM32C011F6P6, STM32C011F6U3, STM32C011F6U6TR, STM32C011J4M3, STM32C011J4M6, STM32C011J6M3, STM32C011J6M6, STM32C0316-DK, STM32C031C4T3, STM32C031C4T6, STM32C031C4U3, STM32C031C4U6, STM32C031C6T3, STM32C031C6T6, STM32C031C6U3, STM32C031C6U6, STM32C031F4P3, STM32C031F4P6, STM32C031F6P3, STM32C031F6P6, STM32C031G4U3, STM32C031G4U6, STM32C031G6U3, STM32C031G6U6, STM32C031K4T3, STM32C031K4T6, STM32C031K4U3, STM32C031K4U6, STM32C031K6T3, STM32C031K6T6, STM32C031K6U3, STM32C031K6U6, STM32G071K8TXN, STM32G071K8UXN, STM32G081GBU6N, STM32G081KBT6N, STM32G081KBUXN, STM32G0B1CCT6N, STM32G0B1KCT6, STM32G0B1NEY6TR, STM32G0B1RCT6N, STM32G0C1CCT6, STM32G0C1CCT6N, STM32G0C1CCU6N, STM32G0C1CET6N, STM32G0C1CEU6N, STM32G0C1KCT6, STM32G0C1NEY6TR, STM32G0C1RCI6N, STM32G0C1RCT6N, STM32G0C1REI6N, STM32G0C1RET6N, STM32G0C1VCI6, STM32G0C1VEI6, STM32G471CCT6, STM32G471CCU6, STM32G471CET3, STM32G471CET6, STM32G471CEU3, STM32G471CEU6, STM32G471MCT6, STM32G471MET3, STM32G471MET6, STM32G471MEY6TR, STM32G471QCT6, STM32G471QET3, STM32G471RCT6, STM32G471RET3, STM32G471RET6, STM32G471VCH6, STM32G471VCI6, STM32G471VCT6, STM32G471VEH3, STM32G471VEH6, STM32G471VEI3, STM32G471VEI6, STM32G471VET3, STM32G471VET6, STM32G474CCT6, STM32L476VGY6PTR, STM32L4R5QGI6STR, STM32MP131AAE3, STM32MP131AAF3, STM32MP131AAG3, STM32MP131CAE3, STM32MP131CAF3, STM32MP131CAG3, STM32MP131DAE7, STM32MP131DAF7, STM32MP131DAG7, STM32MP131FAE7, STM32MP131FAF7, STM32MP131FAG7, STM32MP133AAE3, STM32MP133AAF3, STM32MP133AAG3, STM32MP133CAE3, STM32MP133CAF3, STM32MP133CAG3, STM32MP133DAE7, STM32MP133DAF7, STM32MP133DAG7, STM32MP133FAE7, STM32MP133FAF7, STM32MP133FAG7, STM32MP135AAE3, STM32MP135AAF3, STM32MP135AAG3, STM32MP135CAE3, STM32MP135CAF3, STM32MP135CAG3, STM32MP135DAE7, STM32MP135DAF7, STM32MP135DAG7, STM32MP135F-DK, STM32MP135FAE7, STM32MP135FAF7, STM32MP135FAG7, STM32U595ZJT6Q, STM32U599BJY6QTR, STM32U599NIH6Q, STM32U599NJH6Q, STM32U5A5ZJT6Q, STM32U5A9BJY6QTR, STM32U5A9NJH6Q, STM32WB1MMCH6]
2024-09-29 18:47:55,148 [INFO] DbMcus:215 - Found 4178 MCUs, 4178 are supported
2024-09-29 18:47:55,148 [INFO] ApiDb:418 - Load user favorites file C:\Users\Hung/.stm32cubeide/favorites.mcus.txt: 0 item(s)
2024-09-29 18:47:55,148 [INFO] ApiDb:422 - User favorites MCUs=[]
2024-09-29 18:47:55,148 [INFO] DbMcus:221 - Set 0 / 0 favorites MCUs
2024-09-29 18:47:57,023 [INFO] LoadUrlFilesThread:177 - End of LoadServerUrlFiles without Thread
2024-09-29 18:47:57,101 [INFO] DetailPanel:339 - Set advertising image to C:/Users/Hung/STM32Cube/Repository/\en.prom-stm32c071-usb-memories-mcu-finder.png
2024-09-29 18:47:57,980 [INFO] MultiScanPanel:778 - Auto Refresh Data is not needed
2024-09-29 18:47:58,027 [INFO] ApiDb:663 - CubeFinder database Data Model version=2.1
2024-09-29 18:47:58,027 [INFO] ApiDb:664 - CubeFinder database Configuration version=3.0.39
2024-09-29 18:47:58,027 [INFO] ApiDb:665 - CubeFinder database generation date=2024-09-16 (1726485674)
2024-09-29 18:47:58,027 [INFO] ApiDb:666 - CubeFinder database FW Pack versions=[FP-ATR-ASTRA1_V2.0.0, FP-SNS-FLIGHT1_V5.0.2, FP-SNS-MOTENV1_V5.0.0, FP-SNS-MOTENVWB1_V1.4.0, FP-SNS-SMARTAG2_V1.2.0, FP-SNS-STBOX1_V2.0.0, STM32Cube_FW_C0_V1.2.0, STM32Cube_FW_F4_V1.28.1, STM32Cube_FW_F7_V1.17.2, STM32Cube_FW_G0_V1.6.2, STM32Cube_FW_G4_V1.6.0, STM32Cube_FW_H5_V1.3.0, STM32Cube_FW_H7RS_V1.1.0, STM32Cube_FW_H7_V1.11.2, STM32Cube_FW_L0_V1.12.2, STM32Cube_FW_L5_V1.5.1, STM32Cube_FW_U0_V1.1.0, STM32Cube_FW_U5_V1.6.0, STM32Cube_FW_WB0_V1.0.0, STM32Cube_FW_WBA_V1.4.1, STM32Cube_FW_WB_V1.20.0, STM32Cube_FW_WL_V1.3.0, X-CUBE-ALGOBUILD_V1.4.0, X-CUBE-ALS_V1.0.2, X-CUBE-AZRTOS-F4_V1.1.0, X-CUBE-AZRTOS-F7_V1.1.0, X-CUBE-AZRTOS-G0_V1.1.0, X-CUBE-AZRTOS-G4_V2.0.0, X-CUBE-AZRTOS-H7RS_V1.0.0, X-CUBE-AZRTOS-H7_V3.2.0, X-CUBE-AZRTOS-L4_V2.0.0, X-CUBE-AZRTOS-L5_V2.0.0, X-CUBE-AZRTOS-WB_V2.0.0, X-CUBE-AZRTOS-WL_V2.0.0, X-CUBE-BLE1_V7.0.0, X-CUBE-BLE2_V3.3.0, X-CUBE-BLEMGR_V3.1.0, X-CUBE-EEPRMA1_V5.1.0, X-CUBE-FREERTOS_V1.2.0, X-CUBE-GNSS1_V6.0.0, X-CUBE-MEMS1_V11.0.0, X-CUBE-NFC4_V3.0.0, X-CUBE-NFC7_V1.0.1, X-CUBE-SFXS2LP1_V4.0.0, X-CUBE-SUBG2_V5.0.0, X-CUBE-TOF1_V3.4.2]
2024-09-29 18:47:58,215 [INFO] DbBoardsSqlite:227 - include board P-NUCLEO-WB55-NUCLEO as a kit item of type 'Nucleo-64'
2024-09-29 18:47:58,215 [INFO] DbBoardsSqlite:227 - include board P-NUCLEO-WB55-USBDONGLE as a kit item of type 'Nucleo USB Dongle'
2024-09-29 18:47:58,215 [INFO] DbBoardsSqlite:227 - include board STEVAL-IDP005V1 as a kit item of type 'Evaluation Board'
2024-09-29 18:47:58,215 [INFO] DbBoardsSqlite:227 - include board STEVAL-IDP005V2 as a kit item of type 'Evaluation Board'
2024-09-29 18:47:58,387 [INFO] ApiDb:239 - Found 138 in-development CPN: [B-WB1M-WPAN1, NUCLEO-C031C6, STEVAL-STWINBX1, STM320518-EVAL, STM32C0116-DK, STM32C011D6Y3TR, STM32C011D6Y6TR, STM32C011F4P3, STM32C011F4P6, STM32C011F4U3, STM32C011F4U6TR, STM32C011F6P3, STM32C011F6P6, STM32C011F6U3, STM32C011F6U6TR, STM32C011J4M3, STM32C011J4M6, STM32C011J6M3, STM32C011J6M6, STM32C0316-DK, STM32C031C4T3, STM32C031C4T6, STM32C031C4U3, STM32C031C4U6, STM32C031C6T3, STM32C031C6T6, STM32C031C6U3, STM32C031C6U6, STM32C031F4P3, STM32C031F4P6, STM32C031F6P3, STM32C031F6P6, STM32C031G4U3, STM32C031G4U6, STM32C031G6U3, STM32C031G6U6, STM32C031K4T3, STM32C031K4T6, STM32C031K4U3, STM32C031K4U6, STM32C031K6T3, STM32C031K6T6, STM32C031K6U3, STM32C031K6U6, STM32G071K8TXN, STM32G071K8UXN, STM32G081GBU6N, STM32G081KBT6N, STM32G081KBUXN, STM32G0B1CCT6N, STM32G0B1KCT6, STM32G0B1NEY6TR, STM32G0B1RCT6N, STM32G0C1CCT6, STM32G0C1CCT6N, STM32G0C1CCU6N, STM32G0C1CET6N, STM32G0C1CEU6N, STM32G0C1KCT6, STM32G0C1NEY6TR, STM32G0C1RCI6N, STM32G0C1RCT6N, STM32G0C1REI6N, STM32G0C1RET6N, STM32G0C1VCI6, STM32G0C1VEI6, STM32G471CCT6, STM32G471CCU6, STM32G471CET3, STM32G471CET6, STM32G471CEU3, STM32G471CEU6, STM32G471MCT6, STM32G471MET3, STM32G471MET6, STM32G471MEY6TR, STM32G471QCT6, STM32G471QET3, STM32G471RCT6, STM32G471RET3, STM32G471RET6, STM32G471VCH6, STM32G471VCI6, STM32G471VCT6, STM32G471VEH3, STM32G471VEH6, STM32G471VEI3, STM32G471VEI6, STM32G471VET3, STM32G471VET6, STM32G474CCT6, STM32L476VGY6PTR, STM32L4R5QGI6STR, STM32MP131AAE3, STM32MP131AAF3, STM32MP131AAG3, STM32MP131CAE3, STM32MP131CAF3, STM32MP131CAG3, STM32MP131DAE7, STM32MP131DAF7, STM32MP131DAG7, STM32MP131FAE7, STM32MP131FAF7, STM32MP131FAG7, STM32MP133AAE3, STM32MP133AAF3, STM32MP133AAG3, STM32MP133CAE3, STM32MP133CAF3, STM32MP133CAG3, STM32MP133DAE7, STM32MP133DAF7, STM32MP133DAG7, STM32MP133FAE7, STM32MP133FAF7, STM32MP133FAG7, STM32MP135AAE3, STM32MP135AAF3, STM32MP135AAG3, STM32MP135CAE3, STM32MP135CAF3, STM32MP135CAG3, STM32MP135DAE7, STM32MP135DAF7, STM32MP135DAG7, STM32MP135F-DK, STM32MP135FAE7, STM32MP135FAF7, STM32MP135FAG7, STM32U595ZJT6Q, STM32U599BJY6QTR, STM32U599NIH6Q, STM32U599NJH6Q, STM32U5A5ZJT6Q, STM32U5A9BJY6QTR, STM32U5A9NJH6Q, STM32WB1MMCH6]
2024-09-29 18:47:58,402 [INFO] BoardInfo:879 - No configuration file found for board B-G473E-ZEST1S
2024-09-29 18:47:58,402 [INFO] DbBoards:156 - Board is not supported: B-G473E-ZEST1S
2024-09-29 18:47:58,418 [INFO] BoardInfo:879 - No configuration file found for board B-WL5M-SUBG1
2024-09-29 18:47:58,418 [INFO] DbBoards:156 - Board is not supported: B-WL5M-SUBG1
2024-09-29 18:47:58,480 [INFO] BoardInfo:879 - No configuration file found for board NUCLEO-H503RB
2024-09-29 18:47:58,480 [INFO] DbBoards:156 - Board is not supported: NUCLEO-H503RB
2024-09-29 18:47:58,496 [INFO] BoardInfo:879 - No configuration file found for board NUCLEO-H533RE
2024-09-29 18:47:58,496 [INFO] DbBoards:156 - Board is not supported: NUCLEO-H533RE
2024-09-29 18:47:58,496 [INFO] BoardInfo:879 - No configuration file found for board NUCLEO-H563ZI
2024-09-29 18:47:58,496 [INFO] DbBoards:156 - Board is not supported: NUCLEO-H563ZI
2024-09-29 18:47:58,496 [INFO] BoardInfo:879 - No configuration file found for board NUCLEO-H7S3L8
2024-09-29 18:47:58,496 [INFO] DbBoards:156 - Board is not supported: NUCLEO-H7S3L8
2024-09-29 18:47:58,543 [INFO] BoardInfo:879 - No configuration file found for board NUCLEO-U031R8
2024-09-29 18:47:58,543 [INFO] DbBoards:156 - Board is not supported: NUCLEO-U031R8
2024-09-29 18:47:58,543 [INFO] BoardInfo:879 - No configuration file found for board NUCLEO-U083RC
2024-09-29 18:47:58,543 [INFO] DbBoards:156 - Board is not supported: NUCLEO-U083RC
2024-09-29 18:47:58,543 [INFO] BoardInfo:879 - No configuration file found for board NUCLEO-U545RE-Q
2024-09-29 18:47:58,543 [INFO] DbBoards:156 - Board is not supported: NUCLEO-U545RE-Q
2024-09-29 18:47:58,543 [INFO] BoardInfo:879 - No configuration file found for board NUCLEO-U5A5ZJ-Q
2024-09-29 18:47:58,543 [INFO] DbBoards:156 - Board is not supported: NUCLEO-U5A5ZJ-Q
2024-09-29 18:47:58,543 [INFO] BoardInfo:879 - No configuration file found for board NUCLEO-WB05KZ
2024-09-29 18:47:58,543 [INFO] DbBoards:156 - Board is not supported: NUCLEO-WB05KZ
2024-09-29 18:47:58,543 [INFO] BoardInfo:879 - No configuration file found for board NUCLEO-WB07CC
2024-09-29 18:47:58,543 [INFO] DbBoards:156 - Board is not supported: NUCLEO-WB07CC
2024-09-29 18:47:58,543 [INFO] BoardInfo:879 - No configuration file found for board NUCLEO-WB09KE
2024-09-29 18:47:58,543 [INFO] DbBoards:156 - Board is not supported: NUCLEO-WB09KE
2024-09-29 18:47:58,558 [INFO] BoardInfo:879 - No configuration file found for board NUCLEO-WBA52CG
2024-09-29 18:47:58,558 [INFO] DbBoards:156 - Board is not supported: NUCLEO-WBA52CG
2024-09-29 18:47:58,558 [INFO] BoardInfo:879 - No configuration file found for board NUCLEO-WBA55CG
2024-09-29 18:47:58,558 [INFO] DbBoards:156 - Board is not supported: NUCLEO-WBA55CG
2024-09-29 18:47:58,558 [INFO] BoardInfo:879 - No configuration file found for board P-NUCLEO-WB55
2024-09-29 18:47:58,558 [INFO] DbBoards:156 - Kit is not supported: P-NUCLEO-WB55
2024-09-29 18:47:58,574 [INFO] BoardInfo:879 - No configuration file found for board STEVAL-BFA001V1B
2024-09-29 18:47:58,574 [INFO] DbBoards:156 - Kit is not supported: STEVAL-BFA001V1B
2024-09-29 18:47:58,574 [INFO] BoardInfo:879 - No configuration file found for board STEVAL-BFA001V2B
2024-09-29 18:47:58,574 [INFO] DbBoards:156 - Kit is not supported: STEVAL-BFA001V2B
2024-09-29 18:47:58,574 [INFO] BoardInfo:879 - No configuration file found for board STEVAL-MKBOXPRO
2024-09-29 18:47:58,574 [INFO] DbBoards:156 - Board is not supported: STEVAL-MKBOXPRO
2024-09-29 18:47:58,590 [INFO] BoardInfo:879 - No configuration file found for board STEVAL-PROTEUS1
2024-09-29 18:47:58,590 [INFO] DbBoards:156 - Board is not supported: STEVAL-PROTEUS1
2024-09-29 18:47:58,590 [INFO] BoardInfo:879 - No configuration file found for board STEVAL-SMARTAG2
2024-09-29 18:47:58,590 [INFO] DbBoards:156 - Board is not supported: STEVAL-SMARTAG2
2024-09-29 18:47:58,652 [INFO] BoardInfo:879 - No configuration file found for board STM32H573I-DK
2024-09-29 18:47:58,652 [INFO] DbBoards:156 - Board is not supported: STM32H573I-DK
2024-09-29 18:47:58,668 [INFO] BoardInfo:879 - No configuration file found for board STM32H7S78-DK
2024-09-29 18:47:58,668 [INFO] DbBoards:156 - Board is not supported: STM32H7S78-DK
2024-09-29 18:47:58,699 [INFO] BoardInfo:879 - No configuration file found for board STM32MP257F-DK
2024-09-29 18:47:58,699 [INFO] DbBoards:156 - Board is not supported: STM32MP257F-DK
2024-09-29 18:47:58,699 [INFO] BoardInfo:879 - No configuration file found for board STM32MP257F-EV1
2024-09-29 18:47:58,699 [INFO] DbBoards:156 - Board is not supported: STM32MP257F-EV1
2024-09-29 18:47:58,715 [INFO] BoardInfo:879 - No configuration file found for board STM32U083C-DK
2024-09-29 18:47:58,715 [INFO] DbBoards:156 - Board is not supported: STM32U083C-DK
2024-09-29 18:47:58,715 [INFO] BoardInfo:879 - No configuration file found for board STM32U5A9J-DK
2024-09-29 18:47:58,715 [INFO] DbBoards:156 - Board is not supported: STM32U5A9J-DK
2024-09-29 18:47:58,715 [INFO] BoardInfo:879 - No configuration file found for board STM32U5G9J-DK1
2024-09-29 18:47:58,715 [INFO] DbBoards:156 - Board is not supported: STM32U5G9J-DK1
2024-09-29 18:47:58,715 [INFO] BoardInfo:879 - No configuration file found for board STM32U5G9J-DK2
2024-09-29 18:47:58,715 [INFO] DbBoards:156 - Board is not supported: STM32U5G9J-DK2
2024-09-29 18:47:58,715 [INFO] BoardInfo:879 - No configuration file found for board STM32WBA55G-DK1
2024-09-29 18:47:58,715 [INFO] DbBoards:156 - Board is not supported: STM32WBA55G-DK1
2024-09-29 18:47:58,715 [INFO] DbBoards:160 - Found 200 boards, 170 are supported
2024-09-29 18:47:58,730 [INFO] ApiDb:409 - User favorites file not found: C:\Users\Hung/.stm32cubeide/favorites.boards.txt
2024-09-29 18:47:58,730 [INFO] DbBoards:189 - Set 0 / 0 favorites Boards
2024-09-29 18:48:33,418 [INFO] MainUpdater:2768 - connection check result : 10
2024-09-29 18:48:33,418 [INFO] MainUpdater:2768 - connection check result : 10
2024-09-29 18:48:33,465 [INFO] MicroXplorer:451 - Change Database Path : 
2024-09-29 18:48:33,465 [INFO] MicroXplorer:481 - Change Database Version : DB.6.0.60
2024-09-29 18:48:33,496 [WARN] ThirdParty:827 - waiting for thirdparty lock release [close project]
2024-09-29 18:48:33,496 [INFO] ThirdParty:829 - entering critical section [close project]
2024-09-29 18:48:33,496 [INFO] ThirdParty:839 - exiting critical section [close project]
2024-09-29 18:48:33,512 [INFO] PinOutPanel:1468 - setPackage(No Configuration,No Configuration)
2024-09-29 18:48:33,512 [INFO] UtilMem:74 - Begin LoadConfig() Used Memory: 416259096 Bytes (515899392)
2024-09-29 18:48:36,982 [INFO] ServerAccessManage:474 - Download File stm32cube_db_v5021.zip
2024-09-29 18:48:36,982 [ERROR] ServerAccessManage:652 - User Cancel Download : stm32cube_db_v5021.zip.
2024-09-29 18:48:37,154 [INFO] LoadServerPackagesThread:190 - End of LoadServerPackages Thread
2024-09-29 18:48:37,373 [INFO] CheckServerUpdateThread:119 - End of CheckServer Thread
2024-09-29 18:48:40,104 [INFO] MainUpdater:2768 - connection check result : 10
2024-09-29 18:48:40,104 [INFO] MainUpdater:2768 - connection check result : 10
2024-09-29 18:48:40,120 [INFO] MicroXplorer:451 - Change Database Path : 
2024-09-29 18:48:40,120 [INFO] MicroXplorer:481 - Change Database Version : DB.6.0.60
2024-09-29 18:48:40,120 [WARN] ThirdParty:827 - waiting for thirdparty lock release [close project]
2024-09-29 18:48:40,120 [INFO] ThirdParty:829 - entering critical section [close project]
2024-09-29 18:48:40,120 [INFO] ThirdParty:839 - exiting critical section [close project]
2024-09-29 18:48:40,120 [INFO] PinOutPanel:1468 - setPackage(No Configuration,No Configuration)
2024-09-29 18:48:40,120 [INFO] UtilMem:74 - Begin LoadConfig() Used Memory: 412994912 Bytes (515899392)
2024-09-29 18:48:46,435 [INFO] MicroXplorer:451 - Change Database Path : 
2024-09-29 18:48:46,435 [INFO] MicroXplorer:481 - Change Database Version : DB.6.0.60
2024-09-29 18:48:46,435 [INFO] OpenFileManager:307 - Change cursor
2024-09-29 18:48:46,481 [INFO] Mcu:1922 - Initializing MCU STM32F030F4Px STM32F030F4Px 
2024-09-29 18:48:46,481 [INFO] Mcu:1935 - No CPN specified => set CPN to STM32F030F4P6
2024-09-29 18:48:48,184 [INFO] Context:654 - Trying to add GPIOservice into a context  which must be forbidden
2024-09-29 18:48:48,653 [INFO] Rule:225 - rule 117617 - U5Cobra4M][GTZC] default value MPCBB3 and MPCBB5 - Not Secured memory - MPCBB1 is applicable
2024-09-29 18:48:48,653 [INFO] Rule:225 - rule 117617 - U5Cobra4M][GTZC] default value MPCBB3 and MPCBB5 - Not Secured memory - MPCBB1 is applicable
2024-09-29 18:48:48,653 [INFO] Rule:225 - rule 117617 - U5Cobra4M][GTZC] default value MPCBB3 and MPCBB5 - Not Secured memory - MPCBB2 is applicable
2024-09-29 18:48:48,653 [INFO] Rule:225 - rule 117617 - U5Cobra4M][GTZC] default value MPCBB3 and MPCBB5 - Not Secured memory - MPCBB2 is applicable
2024-09-29 18:48:48,653 [INFO] Rule:225 - rule 117617 - U5Cobra4M][GTZC] default value MPCBB3 and MPCBB5 - Not Secured memory - MPCBB3 is applicable
2024-09-29 18:48:48,653 [INFO] Rule:225 - rule 117617 - U5Cobra4M][GTZC] default value MPCBB3 and MPCBB5 - Not Secured memory - MPCBB3 is applicable
2024-09-29 18:48:48,653 [INFO] Rule:225 - rule 117617 - U5Cobra4M][GTZC] default value MPCBB3 and MPCBB5 - Not Secured memory - MPCBB4 is applicable
2024-09-29 18:48:48,653 [INFO] Rule:225 - rule 117617 - U5Cobra4M][GTZC] default value MPCBB3 and MPCBB5 - Not Secured memory - MPCBB4 is applicable
2024-09-29 18:48:48,653 [INFO] Rule:225 - rule 117617 - U5Cobra4M][GTZC] default value MPCBB3 and MPCBB5 - Secured memory - MPCBB1 is applicable
2024-09-29 18:48:48,653 [INFO] Rule:225 - rule 117617 - U5Cobra4M][GTZC] default value MPCBB3 and MPCBB5 - Secured memory - MPCBB2 is applicable
2024-09-29 18:48:48,653 [INFO] Rule:225 - rule 117617 - U5Cobra4M][GTZC] default value MPCBB3 and MPCBB5 - Secured memory - MPCBB3 is applicable
2024-09-29 18:48:48,653 [INFO] Rule:225 - rule 117617 - U5Cobra4M][GTZC] default value MPCBB3 and MPCBB5 - Secured memory - MPCBB4 is applicable
2024-09-29 18:48:48,653 [INFO] Rule:225 - rule 117617 - U5Cobra4M][GTZC] default value MPCBB3 and MPCBB5 - Privileged memory - MPCBB1 is applicable
2024-09-29 18:48:48,653 [INFO] Rule:225 - rule 117617 - U5Cobra4M][GTZC] default value MPCBB3 and MPCBB5 - Privileged memory - MPCBB2 is applicable
2024-09-29 18:48:48,653 [INFO] Rule:225 - rule 117617 - U5Cobra4M][GTZC] default value MPCBB3 and MPCBB5 - Privileged memory - MPCBB3 is applicable
2024-09-29 18:48:48,653 [INFO] Rule:225 - rule 117617 - U5Cobra4M][GTZC] default value MPCBB3 and MPCBB5 - Privileged memory - MPCBB4 is applicable
2024-09-29 18:48:48,653 [INFO] Rule:225 - rule 117617 - U5Cobra4M][GTZC] default value MPCBB3 and MPCBB5 - Not Privileged memory - MPCBB1 is applicable
2024-09-29 18:48:48,653 [INFO] Rule:225 - rule 117617 - U5Cobra4M][GTZC] default value MPCBB3 and MPCBB5 - Not Privileged memory - MPCBB2 is applicable
2024-09-29 18:48:48,653 [INFO] Rule:225 - rule 117617 - U5Cobra4M][GTZC] default value MPCBB3 and MPCBB5 - Not Privileged memory - MPCBB3 is applicable
2024-09-29 18:48:48,653 [INFO] Rule:225 - rule 117617 - U5Cobra4M][GTZC] default value MPCBB3 and MPCBB5 - Not Privileged memory - MPCBB4 is applicable
2024-09-29 18:48:48,653 [INFO] Rule:225 - rule 117617 - U5Cobra4M][GTZC] default value MPCBB3 and MPCBB5 - Privileged memory - MPCBB1 is applicable
2024-09-29 18:48:48,653 [INFO] Rule:225 - rule 117617 - U5Cobra4M][GTZC] default value MPCBB3 and MPCBB5 - Privileged memory - MPCBB2 is applicable
2024-09-29 18:48:48,653 [INFO] Rule:225 - rule 117617 - U5Cobra4M][GTZC] default value MPCBB3 and MPCBB5 - Privileged memory - MPCBB3 is applicable
2024-09-29 18:48:48,653 [INFO] Rule:225 - rule 117617 - U5Cobra4M][GTZC] default value MPCBB3 and MPCBB5 - Privileged memory - MPCBB4 is applicable
2024-09-29 18:48:48,653 [INFO] Rule:225 - rule 117617 - U5Cobra4M][GTZC] default value MPCBB3 and MPCBB5 - Privileged memory - MPCBB1 is applicable
2024-09-29 18:48:48,653 [INFO] Rule:225 - rule 117617 - U5Cobra4M][GTZC] default value MPCBB3 and MPCBB5 - Privileged memory - MPCBB2 is applicable
2024-09-29 18:48:48,653 [INFO] Rule:225 - rule 117617 - U5Cobra4M][GTZC] default value MPCBB3 and MPCBB5 - Privileged memory - MPCBB3 is applicable
2024-09-29 18:48:48,653 [INFO] Rule:225 - rule 117617 - U5Cobra4M][GTZC] default value MPCBB3 and MPCBB5 - Privileged memory - MPCBB4 is applicable
2024-09-29 18:48:48,653 [INFO] Rule:225 - rule 117617 - U5Cobra4M][GTZC] default value MPCBB3 and MPCBB5 - Not Privileged memory - MPCBB1 is applicable
2024-09-29 18:48:48,653 [INFO] Rule:225 - rule 117617 - U5Cobra4M][GTZC] default value MPCBB3 and MPCBB5 - Not Privileged memory - MPCBB2 is applicable
2024-09-29 18:48:48,653 [INFO] Rule:225 - rule 117617 - U5Cobra4M][GTZC] default value MPCBB3 and MPCBB5 - Not Privileged memory - MPCBB3 is applicable
2024-09-29 18:48:48,653 [INFO] Rule:225 - rule 117617 - U5Cobra4M][GTZC] default value MPCBB3 and MPCBB5 - Not Privileged memory - MPCBB4 is applicable
2024-09-29 18:48:48,653 [INFO] Rule:225 - rule 117617 - U5Cobra4M][GTZC] default value MPCBB3 and MPCBB5 - Privileged memory - MPCBB1 is applicable
2024-09-29 18:48:48,653 [INFO] Rule:225 - rule 117617 - U5Cobra4M][GTZC] default value MPCBB3 and MPCBB5 - Privileged memory - MPCBB2 is applicable
2024-09-29 18:48:48,653 [INFO] Rule:225 - rule 117617 - U5Cobra4M][GTZC] default value MPCBB3 and MPCBB5 - Privileged memory - MPCBB3 is applicable
2024-09-29 18:48:48,653 [INFO] Rule:225 - rule 117617 - U5Cobra4M][GTZC] default value MPCBB3 and MPCBB5 - Privileged memory - MPCBB4 is applicable
2024-09-29 18:48:48,653 [INFO] Rule:225 - rule Rename SubGHz_Phy SUBGHZ_APPLICATION SUBGHZ_PINGPONG to SUBGHZ_ADV_APPLICATION is applicable
2024-09-29 18:48:48,653 [INFO] Rule:225 - rule Rename Enabled to IBEACON is applicable
2024-09-29 18:48:48,653 [INFO] Rule:225 - rule GTZC_S instance for project manager is applicable
2024-09-29 18:48:48,653 [INFO] Rule:225 - rule GTZC_S instance for context M33S is applicable
2024-09-29 18:48:48,653 [INFO] Rule:225 - rule GTZC_S instance value for IP GTZC is applicable
2024-09-29 18:48:48,653 [INFO] Rule:225 - rule GTZC_S instance for mcu.IP is applicable
2024-09-29 18:48:48,653 [INFO] Rule:225 - rule GTZC_S instance for VP is applicable
2024-09-29 18:48:48,668 [INFO] Rule:225 - rule GTZC_S instance for signal is applicable
2024-09-29 18:48:48,668 [INFO] Rule:225 - rule GTZC_S instance for mcu.Pin is applicable
2024-09-29 18:48:48,668 [INFO] Rule:225 - rule GTZC_S instance for VP is applicable
2024-09-29 18:48:48,668 [INFO] Rule:225 - rule GTZC_S instance for signal is applicable
2024-09-29 18:48:48,668 [INFO] Rule:225 - rule GTZC_S instance for mcu is applicable
2024-09-29 18:48:48,668 [INFO] Rule:225 - rule GTZC_S instance for mcu.Pin is applicable
2024-09-29 18:48:48,668 [INFO] Rule:225 - rule GTZC_S instance value for IP GTZC is applicable
2024-09-29 18:48:48,668 [INFO] Rule:225 - rule GTZC_S instance for project manager is applicable
2024-09-29 18:48:48,668 [INFO] Rule:225 - rule GTZC_S instance for context M33S is applicable
2024-09-29 18:48:48,668 [INFO] Rule:225 - rule GTZC_S instance for VP is applicable
2024-09-29 18:48:48,668 [INFO] Rule:225 - rule GTZC_S instance for signal is applicable
2024-09-29 18:48:48,668 [INFO] Rule:225 - rule ADC Scan  fix with FW F7 is applicable
2024-09-29 18:48:48,668 [INFO] Rule:225 - rule ADC Scan  fix with FW F7 is applicable
2024-09-29 18:48:48,668 [INFO] Rule:225 - rule Change Default Value for ADC Clock Prescaler G0 family is applicable
2024-09-29 18:48:48,668 [INFO] Rule:225 - rule align RCC SDMMC3CLockSelection default value on MP1 is applicable
2024-09-29 18:48:48,668 [INFO] Rule:225 - rule align RCC SDMMC12CLockSelection default value on MP1 is applicable
2024-09-29 18:48:48,668 [INFO] Rule:225 - rule align RCC QSPICLockSelection default value on MP1 is applicable
2024-09-29 18:48:48,668 [INFO] Rule:225 - rule align RCC QSPICLockSelection default value on MP1 is applicable
2024-09-29 18:48:48,668 [INFO] Rule:225 - rule align RCC SPI6CLockSelection default value on MP1 is applicable
2024-09-29 18:48:48,668 [INFO] Rule:225 - rule align RCC LPTIM23CLockSelection default value on MP1 is applicable
2024-09-29 18:48:48,668 [INFO] Rule:225 - rule align RCC LPTIM1CLockSelection default value on MP1 is applicable
2024-09-29 18:48:48,668 [INFO] Rule:225 - rule align RCC USART1CLockSelection default value on MP1 is applicable
2024-09-29 18:48:48,668 [INFO] Rule:225 - rule align RCC USART24CLockSelection default value on MP1 is applicable
2024-09-29 18:48:48,668 [INFO] Rule:225 - rule align RCC USART6CLockSelection default value on MP1 is applicable
2024-09-29 18:48:48,668 [INFO] Rule:225 - rule align RCC UART78CLockSelection default value on MP1 is applicable
2024-09-29 18:48:48,668 [INFO] Rule:225 - rule align RCC USART35CLockSelection default value on MP1 is applicable
2024-09-29 18:48:48,668 [INFO] Rule:225 - rule align RCC SPI45CLockSelection default value on MP1 is applicable
2024-09-29 18:48:48,668 [INFO] Rule:225 - rule align RCC I2C46CLockSelection BCLK value on MP1 is applicable
2024-09-29 18:48:48,668 [INFO] Rule:225 - rule align RCC SPI45CLockSelection default value on MP1 is applicable
2024-09-29 18:48:48,668 [INFO] Rule:225 - rule align RCC I2C12CLockSelection default value on MP1 is applicable
2024-09-29 18:48:48,668 [INFO] Rule:225 - rule align RCC I2C35CLockSelection default value on MP1 is applicable
2024-09-29 18:48:48,668 [INFO] Rule:225 - rule align RCC LPTIM45CLockSelection default value on MP1 is applicable
2024-09-29 18:48:48,668 [INFO] Rule:225 - rule Rename DCMI PIXCK signal is applicable
2024-09-29 18:48:48,668 [INFO] Rule:225 - rule Change Default Value for I2C46CLockSelection MP1 family is applicable
2024-09-29 18:48:48,668 [INFO] Rule:225 - rule Change Default Value for UART for G4, G0 and WB families is applicable
2024-09-29 18:48:48,668 [INFO] Rule:225 - rule Change Default Value for USART for G4, G0 and WB families is applicable
2024-09-29 18:48:48,668 [INFO] Rule:225 - rule Change Default Value for USART for G4 family is applicable
2024-09-29 18:48:48,668 [INFO] Rule:225 - rule Change USART1CLockSelection refparam name for MP1 is applicable
2024-09-29 18:48:48,668 [INFO] Rule:225 - rule Change USART2CLockSelection refparam name for MP1 is applicable
2024-09-29 18:48:48,668 [INFO] Rule:225 - rule Change USART3CLockSelection refparam name for MP1 is applicable
2024-09-29 18:48:48,668 [INFO] Rule:225 - rule Change UART4CLockSelection refparam name for MP1 is applicable
2024-09-29 18:48:48,668 [INFO] Rule:225 - rule Change UART5CLockSelection refparam name for MP1 is applicable
2024-09-29 18:48:48,668 [INFO] Rule:225 - rule Change LPUART1CLockSelection refparam name for MP1 is applicable
2024-09-29 18:48:48,668 [INFO] Rule:225 - rule Change LPTIM1CLockSelection refparam name for MP1 is applicable
2024-09-29 18:48:48,668 [INFO] Rule:225 - rule Change LPTIM2CLockSelection refparam name for MP1 is applicable
2024-09-29 18:48:48,668 [INFO] Rule:225 - rule Change RCC_MCO1Source refparam name for MP1 is applicable
2024-09-29 18:48:48,668 [INFO] Rule:225 - rule Change LSCOSource1 refparam name for MP1 is applicable
2024-09-29 18:48:48,668 [INFO] Rule:225 - rule Change SMPSCLockSelection refparam name for MP1 is applicable
2024-09-29 18:48:48,668 [INFO] Rule:225 - rule Change LPTIM3CLockSelection refparam name for MP1 is applicable
2024-09-29 18:48:48,668 [INFO] Rule:225 - rule Change MPCBB* Default Template Mode to Parameters is applicable
2024-09-29 18:48:48,668 [INFO] Rule:225 - rule Change MPCWM* or MPCBB* Secure Mode to Parameters is applicable
2024-09-29 18:48:48,668 [INFO] Rule:225 - rule Change MPCWM* or MPCBB* No Secure Mode to Parameters is applicable
2024-09-29 18:48:48,668 [INFO] Rule:225 - rule Change TZSC IP Secure Mode to Parameters is applicable
2024-09-29 18:48:48,668 [INFO] Rule:225 - rule Change TZSC IP No Secure Mode to Parameters is applicable
2024-09-29 18:48:48,668 [INFO] Rule:225 - rule Change TZSC IP Privilege Mode to Parameters is applicable
2024-09-29 18:48:48,668 [INFO] Rule:225 - rule Change TZSC IP No Privilege Mode to Parameters is applicable
2024-09-29 18:48:48,668 [INFO] Rule:225 - rule Change TZIC IT Secure Mode to Parameters is applicable
2024-09-29 18:48:48,668 [INFO] Rule:225 - rule Change TZIC IT No Secure Mode to Parameters is applicable
2024-09-29 18:48:48,668 [INFO] Rule:225 - rule Add MPCBB1_NonSecureArea_Start_Address value with referenced to MPCBB1_NonSecureArea_Start value is applicable
2024-09-29 18:48:48,668 [INFO] Rule:225 - rule Add MPCBB2_NonSecureArea_Start_Address value with referenced to MPCBB2_NonSecureArea_Start value is applicable
2024-09-29 18:48:48,668 [INFO] Rule:225 - rule Add MPCWM1_NonSecureArea*_Start_Address value with referenced to MPCWM1_NonSecureArea*_Start value is applicable
2024-09-29 18:48:48,668 [INFO] Rule:225 - rule Add MPCWM2_NonSecureArea*_Start_Address value with referenced to MPCWM2_NonSecureArea*_Start value is applicable
2024-09-29 18:48:48,668 [INFO] Rule:225 - rule Add MPCWM3_NonSecureArea_Start_Address value with referenced to MPCWM3_NonSecureArea_Start value is applicable
2024-09-29 18:48:48,668 [INFO] Rule:225 - rule Change Default Value for PLL1UserDefinedConfig is applicable
2024-09-29 18:48:48,668 [INFO] Rule:225 - rule OPAMP is applicable
2024-09-29 18:48:48,668 [INFO] Rule:225 - rule LPUART IPParameter rename Prescaler parameter to ClockPrescaler for STM32H7 is applicable
2024-09-29 18:48:48,668 [INFO] Rule:225 - rule LPUART IPParameter rename Prescaler parameter to ClockPrescaler for STM32H7 is applicable
2024-09-29 18:48:48,668 [INFO] Rule:225 - rule LPUART IPParameter rename Prescaler parameter to ClockPrescaler for STM32WB is applicable
2024-09-29 18:48:48,668 [INFO] Rule:225 - rule LPUART IPParameter rename Prescaler parameter to ClockPrescaler for STM32WB is applicable
2024-09-29 18:48:48,668 [INFO] Rule:225 - rule LPUART IPParameter rename Prescaler parameter to ClockPrescaler for STM32G4 is applicable
2024-09-29 18:48:48,668 [INFO] Rule:225 - rule LPUART IPParameter rename Prescaler parameter to ClockPrescaler for STM32G4 is applicable
2024-09-29 18:48:48,668 [INFO] Rule:225 - rule LPUART IPParameter rename Prescaler parameter to ClockPrescaler for STM32L5 is applicable
2024-09-29 18:48:48,668 [INFO] Rule:225 - rule LPUART IPParameter rename Prescaler parameter to ClockPrescaler for STM32L5 is applicable
2024-09-29 18:48:48,668 [INFO] Rule:225 - rule LPUART IPParameter rename Prescaler parameter to ClockPrescaler for STM32G4 is applicable
2024-09-29 18:48:48,668 [INFO] Rule:225 - rule LPUART IPParameter rename Prescaler parameter to ClockPrescaler for STM32G4 is applicable
2024-09-29 18:48:48,668 [INFO] Rule:225 - rule USB device lib V2.5.3 for L0 rename USBD_SUPPORT_USER_STRING parameter to USBD_SUPPORT_USER_STRING_DESC4 is applicable
2024-09-29 18:48:48,668 [INFO] Rule:225 - rule I2SCLockSelection clock entry align is applicable
2024-09-29 18:48:48,668 [INFO] Rule:225 - rule Assign TIMx context if used as SYS timebase is applicable
2024-09-29 18:48:48,668 [INFO] Rule:225 - rule Change GPIO_Pu Default Value for I2C is applicable
2024-09-29 18:48:48,668 [INFO] Rule:225 - rule Change GPIO_Pu Default Value for SMBus is applicable
2024-09-29 18:48:48,668 [INFO] Rule:225 - rule change FDCAN default value is applicable
2024-09-29 18:48:48,668 [INFO] Rule:225 - rule Change mode sai is applicable
2024-09-29 18:48:48,668 [INFO] Rule:225 - rule **Change sai mode is applicable
2024-09-29 18:48:48,668 [INFO] DbConfProperties:305 - Apply Compatibility (3/126 Rules)
2024-09-29 18:48:48,840 [INFO] RtosManager:488 - Registered RTOS mode: class=CMSIS, group=RTOS, mode=CMSIS_V1, owner=FREERTOS
2024-09-29 18:48:48,840 [INFO] RtosManager:488 - Registered RTOS mode: class=CMSIS, group=RTOS2, mode=CMSIS_V2, owner=FREERTOS
2024-09-29 18:48:48,840 [INFO] RtosManager:488 - Registered RTOS mode: class=RTOS, group=Core, mode=CMSIS_V1, owner=FREERTOS
2024-09-29 18:48:48,840 [INFO] RtosManager:488 - Registered RTOS mode: class=RTOS, group=Core, mode=CMSIS_V2, owner=FREERTOS
2024-09-29 18:48:48,840 [WARN] ModelIntegratedComponent:185 - Missing modes for component STMicroelectronics:FreeRTOS:0.0.1:STMicroelectronics:RTOS:FreeRTOS:Core:::10.2.0:
2024-09-29 18:48:48,856 [WARN] ModelIntegratedComponent:64 - No mode defined for component null
2024-09-29 18:48:48,856 [WARN] ModelIntegratedComponent:64 - No mode defined for component null
2024-09-29 18:48:48,856 [WARN] ModelIntegratedComponent:64 - No mode defined for component null
2024-09-29 18:48:48,856 [WARN] ModelIntegratedComponent:64 - No mode defined for component null
2024-09-29 18:48:48,856 [WARN] ModelIntegratedComponent:64 - No mode defined for component null
2024-09-29 18:48:48,856 [WARN] ModelIntegratedComponent:64 - No mode defined for component null
2024-09-29 18:48:48,856 [WARN] ModelIntegratedComponent:64 - No mode defined for component null
2024-09-29 18:48:48,856 [WARN] ModelIntegratedComponent:64 - No mode defined for component null
2024-09-29 18:48:48,856 [WARN] ModelIntegratedComponent:64 - No mode defined for component null
2024-09-29 18:48:48,856 [WARN] ModelIntegratedComponent:64 - No mode defined for component null
2024-09-29 18:48:48,856 [WARN] ModelIntegratedComponent:64 - No mode defined for component null
2024-09-29 18:48:48,856 [WARN] ModelIntegratedComponent:64 - No mode defined for component null
2024-09-29 18:48:48,856 [WARN] ModelIntegratedComponent:64 - No mode defined for component null
2024-09-29 18:48:48,856 [WARN] ModelIntegratedComponent:64 - No mode defined for component null
2024-09-29 18:48:48,856 [WARN] ModelIntegratedComponent:64 - No mode defined for component null
2024-09-29 18:48:48,856 [WARN] ModelIntegratedComponent:64 - No mode defined for component null
2024-09-29 18:48:48,856 [WARN] ModelIntegratedComponent:64 - No mode defined for component null
2024-09-29 18:48:48,856 [WARN] ModelIntegratedComponent:64 - No mode defined for component null
2024-09-29 18:48:48,856 [WARN] ModelIntegratedComponent:64 - No mode defined for component null
2024-09-29 18:48:48,856 [WARN] ModelIntegratedComponent:64 - No mode defined for component null
2024-09-29 18:48:48,856 [WARN] ModelIntegratedComponent:64 - No mode defined for component null
2024-09-29 18:48:48,856 [WARN] ModelIntegratedComponent:64 - No mode defined for component null
2024-09-29 18:48:48,856 [WARN] ModelIntegratedComponent:64 - No mode defined for component null
2024-09-29 18:48:48,856 [WARN] ModelIntegratedComponent:64 - No mode defined for component null
2024-09-29 18:48:48,856 [WARN] ModelIntegratedComponent:64 - No mode defined for component null
2024-09-29 18:48:48,856 [WARN] ModelIntegratedComponent:64 - No mode defined for component null
2024-09-29 18:48:48,856 [WARN] ModelIntegratedComponent:64 - No mode defined for component null
2024-09-29 18:48:48,856 [WARN] ModelIntegratedComponent:64 - No mode defined for component null
2024-09-29 18:48:48,856 [WARN] ModelIntegratedComponent:64 - No mode defined for component null
2024-09-29 18:48:48,856 [WARN] ModelIntegratedComponent:64 - No mode defined for component null
2024-09-29 18:48:48,856 [WARN] ModelIntegratedComponent:64 - No mode defined for component null
2024-09-29 18:48:48,856 [WARN] ModelIntegratedComponent:64 - No mode defined for component null
2024-09-29 18:48:48,856 [WARN] ModelIntegratedComponent:64 - No mode defined for component null
2024-09-29 18:48:48,856 [WARN] ApiManager:308 - Cannot register API 'Wireless:BlueNRG-2' from pack STMicroelectronics.X-CUBE-BLE2.3.3.0: no header file found
2024-09-29 18:48:48,871 [INFO] ThirdPartyModel:289 - Start build external matchings
2024-09-29 18:48:48,871 [INFO] ThirdPartyModel:302 - End build external matchings
2024-09-29 18:48:48,887 [INFO] ImportTextPane:193 - (OptionalMessage_ERROR) IP (DMA) : Parameter (Instance) has Id (USART1_RX) currently not set
2024-09-29 18:48:48,887 [INFO] ImportTextPane:193 - (OptionalMessage_ERROR) IP (DMA) : Parameter (Direction) has Id (USART1_RX) currently not set
2024-09-29 18:48:48,887 [INFO] ImportTextPane:193 - (OptionalMessage_ERROR) IP (DMA) : Parameter (PeriphInc) has Id (USART1_RX) currently not set
2024-09-29 18:48:48,887 [INFO] ImportTextPane:193 - (OptionalMessage_ERROR) IP (DMA) : Parameter (MemInc) has Id (USART1_RX) currently not set
2024-09-29 18:48:48,887 [INFO] ImportTextPane:193 - (OptionalMessage_ERROR) IP (DMA) : Parameter (PeriphDataAlignment) has Id (USART1_RX) currently not set
2024-09-29 18:48:48,887 [INFO] ImportTextPane:193 - (OptionalMessage_ERROR) IP (DMA) : Parameter (MemDataAlignment) has Id (USART1_RX) currently not set
2024-09-29 18:48:48,887 [INFO] ImportTextPane:193 - (OptionalMessage_ERROR) IP (DMA) : Parameter (Mode) has Id (USART1_RX) currently not set
2024-09-29 18:48:48,887 [INFO] ImportTextPane:193 - (OptionalMessage_ERROR) IP (DMA) : Parameter (Priority) has Id (USART1_RX) currently not set
2024-09-29 18:48:49,080 [INFO] UtilMem:74 - End LoadConfig() Used Memory: 454837864 Bytes (564133888)
2024-09-29 18:48:49,258 [WARN] ThirdParty:789 - waiting for thirdparty lock release [change project]
2024-09-29 18:48:49,258 [INFO] ThirdParty:791 - entering critical section [change project]
2024-09-29 18:48:49,258 [INFO] ThirdParty:981 - CMSIS Pack Vendor :STMicroelectronics ThreadX 1.0.0
2024-09-29 18:48:49,258 [INFO] ThirdParty:981 - CMSIS Pack Vendor :STMicroelectronics USB_HOST 2.0.0
2024-09-29 18:48:49,258 [INFO] ThirdParty:981 - CMSIS Pack Vendor :STMicroelectronics LIBJPEG 8.0.0
2024-09-29 18:48:49,258 [INFO] ThirdParty:981 - CMSIS Pack Vendor :STMicroelectronics FreeRTOS 0.0.1
2024-09-29 18:48:49,258 [INFO] ThirdParty:981 - CMSIS Pack Vendor :STMicroelectronics USB_DEVICE 1.0.0
2024-09-29 18:48:49,258 [INFO] ThirdParty:981 - CMSIS Pack Vendor :STMicroelectronics STM32_WPAN 1.0.0
2024-09-29 18:48:49,258 [INFO] ThirdParty:981 - CMSIS Pack Vendor :STMicroelectronics USB_DEVICE 3.0.0
2024-09-29 18:48:49,258 [INFO] ThirdParty:981 - CMSIS Pack Vendor :STMicroelectronics HAL Drivers 0.0.0
2024-09-29 18:48:49,258 [INFO] ThirdParty:981 - CMSIS Pack Vendor :STMicroelectronics MBEDTLS 2.16.2
2024-09-29 18:48:49,258 [INFO] ThirdParty:981 - CMSIS Pack Vendor :STMicroelectronics ThreadX 0.0.2
2024-09-29 18:48:49,258 [INFO] ThirdParty:981 - CMSIS Pack Vendor :STMicroelectronics lwIP 2.0.3
2024-09-29 18:48:49,258 [INFO] ThirdParty:981 - CMSIS Pack Vendor :STMicroelectronics lwIP 2.1.2
2024-09-29 18:48:49,258 [INFO] ThirdParty:981 - CMSIS Pack Vendor :STMicroelectronics MBEDTLS 2.14.1
2024-09-29 18:48:49,258 [INFO] ThirdParty:981 - CMSIS Pack Vendor :STMicroelectronics X-CUBE-BLE2 3.3.0
2024-09-29 18:48:49,258 [INFO] ThirdParty:981 - CMSIS Pack Vendor :STMicroelectronics USB_HOST 1.0.0
2024-09-29 18:48:49,258 [INFO] ThirdParty:981 - CMSIS Pack Vendor :STMicroelectronics PDM2PCM 3.1.0
2024-09-29 18:48:49,258 [INFO] ThirdParty:981 - CMSIS Pack Vendor :STMicroelectronics PDM2PCM 3.2.0
2024-09-29 18:48:49,258 [INFO] ThirdParty:981 - CMSIS Pack Vendor :STMicroelectronics USB_DEVICE 2.0.0
2024-09-29 18:48:49,258 [INFO] ThirdParty:981 - CMSIS Pack Vendor :STMicroelectronics PDM2PCM 3.3.0
2024-09-29 18:48:49,258 [INFO] ThirdParty:797 - exiting critical section [change project]
2024-09-29 18:48:49,493 [INFO] PinOutPanel:1468 - setPackage(No Configuration,No Configuration)
2024-09-29 18:48:49,493 [INFO] PinOutPanel:1468 - setPackage(STM32F030F4Px,TSSOP20)
2024-09-29 18:48:50,664 [INFO] UtilMem:74 - Before build in PCC Used Memory: 528485712 Bytes (605028352)
2024-09-29 18:48:52,180 [INFO] UtilMem:74 - After build in PCC Used Memory: 499141392 Bytes (605028352)
2024-09-29 18:48:52,227 [INFO] IPUIPlugin:79 - create IPUIPlugin
2024-09-29 18:48:52,227 [INFO] IPUIPlugin:79 - create IPUIPlugin
2024-09-29 18:48:52,227 [INFO] IPUIPlugin:79 - create IPUIPlugin
2024-09-29 18:48:52,227 [INFO] IPUIPlugin:79 - create IPUIPlugin
2024-09-29 18:48:52,227 [INFO] IPUIPlugin:79 - create IPUIPlugin
2024-09-29 18:48:52,227 [INFO] IPUIPlugin:79 - create IPUIPlugin
2024-09-29 18:48:52,227 [INFO] IPUIPlugin:79 - create IPUIPlugin
2024-09-29 18:48:52,227 [INFO] IPUIPlugin:79 - create IPUIPlugin
2024-09-29 18:48:52,227 [INFO] IPUIPlugin:79 - create IPUIPlugin
2024-09-29 18:48:52,227 [INFO] IPUIPlugin:79 - create IPUIPlugin
2024-09-29 18:48:52,227 [INFO] IPUIPlugin:79 - create IPUIPlugin
2024-09-29 18:48:52,227 [INFO] IPUIPlugin:79 - create IPUIPlugin
2024-09-29 18:48:52,227 [INFO] IPUIPlugin:79 - create IPUIPlugin
2024-09-29 18:48:52,227 [INFO] IPUIPlugin:79 - create IPUIPlugin
2024-09-29 18:48:52,227 [INFO] IPUIPlugin:79 - create IPUIPlugin
2024-09-29 18:48:52,227 [INFO] IPUIPlugin:79 - create IPUIPlugin
2024-09-29 18:48:52,227 [INFO] IPUIPlugin:79 - create IPUIPlugin
2024-09-29 18:48:52,227 [INFO] IPUIPlugin:79 - create IPUIPlugin
2024-09-29 18:48:52,227 [INFO] IPUIPlugin:79 - create IPUIPlugin
2024-09-29 18:48:52,227 [INFO] IPUIPlugin:79 - create IPUIPlugin
2024-09-29 18:48:52,227 [INFO] IPUIPlugin:79 - create IPUIPlugin
2024-09-29 18:48:53,057 [INFO] OpenFileManager:327 - Restore cursor
2024-09-29 18:48:53,823 [INFO] UtilMem:74 - End SaveConfig() Used Memory: 478674392 Bytes (605028352)
2024-09-29 18:48:53,901 [INFO] UtilMem:74 - End SaveConfig() Used Memory: 484481800 Bytes (605028352)
2024-09-29 18:48:54,416 [INFO] BlockDiagram:2753 - set Specific Code input for plugin: ADC
2024-09-29 18:48:54,416 [INFO] BlockDiagram:2753 - set Specific Code input for plugin: SPI
2024-09-29 18:48:54,416 [INFO] BlockDiagram:2753 - set Specific Code input for plugin: NVIC
2024-09-29 18:48:54,416 [INFO] BlockDiagram:2753 - set Specific Code input for plugin: WWDG
2024-09-29 18:48:54,416 [INFO] BlockDiagram:2753 - set Specific Code input for plugin: SYS
2024-09-29 18:48:54,416 [INFO] BlockDiagram:2753 - set Specific Code input for plugin: GPIO
2024-09-29 18:48:54,416 [INFO] BlockDiagram:2753 - set Specific Code input for plugin: USART
2024-09-29 18:48:54,416 [INFO] BlockDiagram:2753 - set Specific Code input for plugin: RCC
2024-09-29 18:48:54,416 [INFO] BlockDiagram:2753 - set Specific Code input for plugin: DMA
2024-09-29 18:48:54,416 [INFO] BlockDiagram:2753 - set Specific Code input for plugin: TIM1_8F0
2024-09-29 18:48:54,416 [INFO] BlockDiagram:2753 - set Specific Code input for plugin: TIM1_8F0
2024-09-29 18:48:54,416 [INFO] CodeGenerator:690 - code generatio: config db path: C:\ST\STM32CubeIDE_1.10.1\STM32CubeIDE\plugins\com.st.stm32cube.common.mx_6.6.1.202207061420\\db\
2024-09-29 18:48:54,947 [INFO] CodeEngine:245 - oldGeneratedFile, E:\WokingSpace\BadmintonBoard_V2\BadmintonV2_Main\MXTmpFiles\license.tmp_save
2024-09-29 18:48:55,604 [INFO] CodeEngine:269 - Generated code: E:\WokingSpace\BadmintonBoard_V2\BadmintonV2_Main\MXTmpFiles\license.tmp
2024-09-29 18:48:56,072 [INFO] CodeEngine:245 - oldGeneratedFile, E:\WokingSpace\BadmintonBoard_V2\BadmintonV2_Main\MXTmpFiles\gpio.tmp_save
2024-09-29 18:48:56,775 [INFO] CodeEngine:269 - Generated code: E:\WokingSpace\BadmintonBoard_V2\BadmintonV2_Main\MXTmpFiles\gpio.tmp
2024-09-29 18:48:58,510 [INFO] CodeEngine:245 - oldGeneratedFile, E:\WokingSpace\BadmintonBoard_V2\BadmintonV2_Main\MXTmpFiles\dma.tmp_save
2024-09-29 18:48:58,697 [INFO] CodeEngine:269 - Generated code: E:\WokingSpace\BadmintonBoard_V2\BadmintonV2_Main\MXTmpFiles\dma.tmp
2024-09-29 18:48:58,713 [INFO] CodeEngine:245 - oldGeneratedFile, E:\WokingSpace\BadmintonBoard_V2\BadmintonV2_Main\MXTmpFiles\dma_GV.tmp_save
2024-09-29 18:48:58,791 [INFO] CodeEngine:269 - Generated code: E:\WokingSpace\BadmintonBoard_V2\BadmintonV2_Main\MXTmpFiles\dma_GV.tmp
2024-09-29 18:48:58,853 [INFO] CodeEngine:245 - oldGeneratedFile, E:\WokingSpace\BadmintonBoard_V2\BadmintonV2_Main\Core\Src\stm32f0xx_it.c_save
2024-09-29 18:48:59,205 [INFO] CodeEngine:269 - Generated code: E:\WokingSpace\BadmintonBoard_V2\BadmintonV2_Main\Core\Src\stm32f0xx_it.c
2024-09-29 18:48:59,221 [INFO] CodeEngine:245 - oldGeneratedFile, E:\WokingSpace\BadmintonBoard_V2\BadmintonV2_Main\Core\Inc\stm32f0xx_it.h_save
2024-09-29 18:48:59,330 [INFO] CodeEngine:269 - Generated code: E:\WokingSpace\BadmintonBoard_V2\BadmintonV2_Main\Core\Inc\stm32f0xx_it.h
2024-09-29 18:48:59,377 [INFO] CodeEngine:245 - oldGeneratedFile, E:\WokingSpace\BadmintonBoard_V2\BadmintonV2_Main\Core\Src\stm32f0xx_hal_msp.c_save
2024-09-29 18:48:59,533 [INFO] CodeEngine:269 - Generated code: E:\WokingSpace\BadmintonBoard_V2\BadmintonV2_Main\Core\Src\stm32f0xx_hal_msp.c
2024-09-29 18:48:59,549 [INFO] CodeEngine:245 - oldGeneratedFile, E:\WokingSpace\BadmintonBoard_V2\BadmintonV2_Main\MXTmpFiles\system.tmp_save
2024-09-29 18:48:59,642 [INFO] CodeEngine:269 - Generated code: E:\WokingSpace\BadmintonBoard_V2\BadmintonV2_Main\MXTmpFiles\system.tmp
2024-09-29 18:48:59,674 [INFO] CodeEngine:245 - oldGeneratedFile, E:\WokingSpace\BadmintonBoard_V2\BadmintonV2_Main\Core\Inc\stm32f0xx_hal_conf.h_save
2024-09-29 18:48:59,783 [INFO] CodeEngine:269 - Generated code: E:\WokingSpace\BadmintonBoard_V2\BadmintonV2_Main\Core\Inc\stm32f0xx_hal_conf.h
2024-09-29 18:48:59,830 [WARN] IPConfigManager:3348 - IP not found : TIM
2024-09-29 18:48:59,830 [WARN] CodeGenerator:3567 - IP not found : null
2024-09-29 18:48:59,861 [INFO] CodeEngine:245 - oldGeneratedFile, E:\WokingSpace\BadmintonBoard_V2\BadmintonV2_Main\Core\Inc\main.h_save
2024-09-29 18:48:59,971 [INFO] CodeEngine:269 - Generated code: E:\WokingSpace\BadmintonBoard_V2\BadmintonV2_Main\Core\Inc\main.h
2024-09-29 18:48:59,986 [INFO] CodeEngine:245 - oldGeneratedFile, E:\WokingSpace\BadmintonBoard_V2\BadmintonV2_Main\Core\Src\main.c_save
2024-09-29 18:49:00,221 [INFO] CodeEngine:269 - Generated code: E:\WokingSpace\BadmintonBoard_V2\BadmintonV2_Main\Core\Src\main.c
2024-09-29 18:49:01,345 [INFO] ProjectBuilder:2919 - Time for Copy HAL[1] : 203mS.
2024-09-29 18:49:01,361 [INFO] ProjectBuilder:4117 - Project Generator version: 3.17.1
2024-09-29 18:49:01,783 [INFO] ConfigFileManager:1394 - The Die is : DIE444
2024-09-29 18:49:01,799 [INFO] ApiDbMcu:505 - Load IP Config File for FATFS
2024-09-29 18:49:01,830 [INFO] ApiDbMcu:505 - Load IP Config File for FREERTOS
2024-09-29 18:49:08,883 [INFO] ProjectBuilder:4285 - Time for Generating toolchain IDE Files: 7522mS.
2024-09-29 18:49:08,883 [INFO] ProjectBuilder:2790 - Time for Copy CMSIS : 0mS.
2024-09-29 18:49:08,883 [INFO] ProjectBuilder:2790 - Time for Copy CMSIS : 0mS.
2024-09-29 18:49:09,446 [INFO] McuFinderGlobals:57 - Set McuFinderConnectedMode to true
2024-09-29 18:49:09,446 [INFO] ApiDb:443 - Save user favorites file C:\Users\Hung/.stm32cubeide/favorites.mcus.txt: 0 item(s)
2024-09-29 18:49:09,446 [INFO] ApiDb:447 - User favorites MCUs=[]
2024-09-29 18:53:42,653 [INFO] Activator:177 - 


2024-09-29 18:53:42,657 [INFO] Activator:178 - !SESSION log4j initialized
2024-09-29 18:54:16,333 [ERROR] LogOutputStream:74 - [STDERR_REDIRECT] SLF4J: Failed to load class "org.slf4j.impl.StaticLoggerBinder".
2024-09-29 18:54:16,333 [ERROR] LogOutputStream:74 - [STDERR_REDIRECT] SLF4J: Defaulting to no-operation (NOP) logger implementation
2024-09-29 18:54:16,335 [ERROR] LogOutputStream:74 - [STDERR_REDIRECT] SLF4J: See http://www.slf4j.org/codes.html#StaticLoggerBinder for further details.
2024-09-29 19:06:00,652 [ERROR] LogOutputStream:74 - [STDERR_REDIRECT] Warning: NLS missing message: ExternalToolsPreferencePage_External_tool_project_builders_migration_2 in: org.eclipse.ui.externaltools.internal.ui.ExternalToolsUIMessages
2024-09-29 19:06:00,652 [ERROR] LogOutputStream:74 - [STDERR_REDIRECT] Warning: NLS missing message: ExternalToolsPreferencePage_Prompt_before_migrating_3 in: org.eclipse.ui.externaltools.internal.ui.ExternalToolsUIMessages
2024-09-29 19:06:00,652 [ERROR] LogOutputStream:74 - [STDERR_REDIRECT] Warning: NLS missing message: ExternalToolsPreferencePage_1 in: org.eclipse.ui.externaltools.internal.ui.ExternalToolsUIMessages
2024-09-29 19:53:29,876 [INFO] Activator:177 - 


2024-09-29 19:53:29,876 [INFO] Activator:178 - !SESSION log4j initialized
2024-09-29 19:53:51,777 [ERROR] LogOutputStream:74 - [STDERR_REDIRECT] Warning: NLS missing message: ExternalToolsPreferencePage_External_tool_project_builders_migration_2 in: org.eclipse.ui.externaltools.internal.ui.ExternalToolsUIMessages
2024-09-29 19:53:51,777 [ERROR] LogOutputStream:74 - [STDERR_REDIRECT] Warning: NLS missing message: ExternalToolsPreferencePage_Prompt_before_migrating_3 in: org.eclipse.ui.externaltools.internal.ui.ExternalToolsUIMessages
2024-09-29 19:53:51,777 [ERROR] LogOutputStream:74 - [STDERR_REDIRECT] Warning: NLS missing message: ExternalToolsPreferencePage_1 in: org.eclipse.ui.externaltools.internal.ui.ExternalToolsUIMessages
2024-09-29 19:53:56,641 [ERROR] LogOutputStream:74 - [STDERR_REDIRECT] SLF4J: Failed to load class "org.slf4j.impl.StaticLoggerBinder".
2024-09-29 19:53:56,641 [ERROR] LogOutputStream:74 - [STDERR_REDIRECT] SLF4J: Defaulting to no-operation (NOP) logger implementation
2024-09-29 19:53:56,641 [ERROR] LogOutputStream:74 - [STDERR_REDIRECT] SLF4J: See http://www.slf4j.org/codes.html#StaticLoggerBinder for further details.
